Arguments: 
  /usr/bin/node /usr/local/bin/yarn add axios

PATH: 
  /home/zidna/.local/bin:/home/zidna/.cargo/bin:/home/zidna/.local/bin:/usr/local/sbin:/usr/local/bin:/usr/sbin:/usr/bin:/sbin:/bin:/usr/games:/usr/local/games:/snap/bin:/home/zidna/.config/composer/vendor/bin:/home/zidna/.config/composer/vendor/bin:/home/zidna/.npm-global/bin

Yarn version: 
  1.22.10

Node version: 
  14.17.5

Platform: 
  linux x64

Trace: 
  Error: getaddrinfo EAI_AGAIN registry.yarnpkg.com
      at GetAddrInfoReqWrap.onlookup [as oncomplete] (dns.js:69:26)

npm manifest: 
  {
    "name": "api.mangara",
    "version": "1.0.0",
    "main": "index.js",
    "license": "MIT"
  }

yarn manifest: 
  No manifest

Lockfile: 
  No lockfile
